# JRE version: OpenJDK Runtime Environment Temurin-21.0.8+9 (21.0.8+9) (build 21.0.8+9-LTS)
# Java VM: OpenJDK 64-Bit Server VM Temurin-21.0.8+9 (21.0.8+9-LTS, mixed mode, sharing, tiered, compressed oops, compressed class ptrs, parallel gc, windows-amd64)
GC Precious Log:
 CardTable entry size: 512
 CPUs: 8 total, 8 available
 Memory: 15694M
 Large Page Support: Disabled
 NUMA Support: Disabled
 Compressed Oops: Enabled (32-bit)
 Alignments: Space 512K, Generation 512K, Heap 2M
 Heap Min Capacity: 100M
 Heap Initial Capacity: 100M
 Heap Max Capacity: 2G
 Pre-touch: Disabled
 Parallel Workers: 8
Heap:
 PSYoungGen      total 2048K, used 994K [0x00000000d5580000, 0x00000000d5f80000, 0x0000000100000000)
  eden space 1536K, 48% used [0x00000000d5580000,0x00000000d5638a48,0x00000000d5700000)
  from space 512K, 50% used [0x00000000d5e80000,0x00000000d5ec0000,0x00000000d5f00000)
  to   space 512K, 0% used [0x00000000d5f00000,0x00000000d5f00000,0x00000000d5f80000)
 ParOldGen       total 198656K, used 198279K [0x0000000080000000, 0x000000008c200000, 0x00000000d5580000)
  object space 198656K, 99% used [0x0000000080000000,0x000000008c1a1e20,0x000000008c200000)
 Metaspace       used 69451K, committed 71040K, reserved 1114112K
  class space    used 7294K, committed 8000K, reserved 1048576K
GC Heap History (20 events):
Event: 60.717 GC heap before
{Heap before GC invocations=169 (full 3):
 PSYoungGen      total 2048K, used 1777K [0x00000000d5580000, 0x00000000d5f80000, 0x0000000100000000)
  eden space 1536K, 99% used [0x00000000d5580000,0x00000000d56ff400,0x00000000d5700000)
  from space 512K, 47% used [0x00000000d5e80000,0x00000000d5ebd200,0x00000000d5f00000)
  to   space 512K, 0% used [0x00000000d5f00000,0x00000000d5f00000,0x00000000d5f80000)
 ParOldGen       total 198144K, used 197871K [0x0000000080000000, 0x000000008c180000, 0x00000000d5580000)
  object space 198144K, 99% used [0x0000000080000000,0x000000008c13be20,0x000000008c180000)
 Metaspace       used 68778K, committed 70336K, reserved 1114112K
  class space    used 7239K, committed 7936K, reserved 1048576K
}
Event: 60.719 GC heap after
{Heap after GC invocations=169 (full 3):
 PSYoungGen      total 2048K, used 244K [0x00000000d5580000, 0x00000000d5f80000, 0x0000000100000000)
  eden space 1536K, 0% used [0x00000000d5580000,0x00000000d5580000,0x00000000d5700000)
  from space 512K, 47% used [0x00000000d5f00000,0x00000000d5f3d200,0x00000000d5f80000)
  to   space 512K, 0% used [0x00000000d5e80000,0x00000000d5e80000,0x00000000d5f00000)
 ParOldGen       total 198144K, used 197919K [0x0000000080000000, 0x000000008c180000, 0x00000000d5580000)
  object space 198144K, 99% used [0x0000000080000000,0x000000008c147e20,0x000000008c180000)
 Metaspace       used 68778K, committed 70336K, reserved 1114112K
  class space    used 7239K, committed 7936K, reserved 1048576K
}
Event: 60.733 GC heap before
{Heap before GC invocations=170 (full 3):
 PSYoungGen      total 2048K, used 1780K [0x00000000d5580000, 0x00000000d5f80000, 0x0000000100000000)
  eden space 1536K, 100% used [0x00000000d5580000,0x00000000d5700000,0x00000000d5700000)
  from space 512K, 47% used [0x00000000d5f00000,0x00000000d5f3d200,0x00000000d5f80000)
  to   space 512K, 0% used [0x00000000d5e80000,0x00000000d5e80000,0x00000000d5f00000)
 ParOldGen       total 198144K, used 197919K [0x0000000080000000, 0x000000008c180000, 0x00000000d5580000)
  object space 198144K, 99% used [0x0000000080000000,0x000000008c147e20,0x000000008c180000)
 Metaspace       used 68805K, committed 70400K, reserved 1114112K
  class space    used 7240K, committed 7936K, reserved 1048576K
}
Event: 60.735 GC heap after
{Heap after GC invocations=170 (full 3):
 PSYoungGen      total 2048K, used 212K [0x00000000d5580000, 0x00000000d5f80000, 0x0000000100000000)
  eden space 1536K, 0% used [0x00000000d5580000,0x00000000d5580000,0x00000000d5700000)
  from space 512K, 41% used [0x00000000d5e80000,0x00000000d5eb5200,0x00000000d5f00000)
  to   space 512K, 0% used [0x00000000d5f00000,0x00000000d5f00000,0x00000000d5f80000)
 ParOldGen       total 198144K, used 197943K [0x0000000080000000, 0x000000008c180000, 0x00000000d5580000)
  object space 198144K, 99% used [0x0000000080000000,0x000000008c14de20,0x000000008c180000)
 Metaspace       used 68805K, committed 70400K, reserved 1114112K
  class space    used 7240K, committed 7936K, reserved 1048576K
}
Event: 61.178 GC heap before
{Heap before GC invocations=171 (full 3):
 PSYoungGen      total 2048K, used 1745K [0x00000000d5580000, 0x00000000d5f80000, 0x0000000100000000)
  eden space 1536K, 99% used [0x00000000d5580000,0x00000000d56ff400,0x00000000d5700000)
  from space 512K, 41% used [0x00000000d5e80000,0x00000000d5eb5200,0x00000000d5f00000)
  to   space 512K, 0% used [0x00000000d5f00000,0x00000000d5f00000,0x00000000d5f80000)
 ParOldGen       total 198144K, used 197943K [0x0000000080000000, 0x000000008c180000, 0x00000000d5580000)
  object space 198144K, 99% used [0x0000000080000000,0x000000008c14de20,0x000000008c180000)
 Metaspace       used 68909K, committed 70464K, reserved 1114112K
  class space    used 7259K, committed 7936K, reserved 1048576K
}
Event: 61.180 GC heap after
{Heap after GC invocations=171 (full 3):
 PSYoungGen      total 2048K, used 192K [0x00000000d5580000, 0x00000000d5f80000, 0x0000000100000000)
  eden space 1536K, 0% used [0x00000000d5580000,0x00000000d5580000,0x00000000d5700000)
  from space 512K, 37% used [0x00000000d5f00000,0x00000000d5f30000,0x00000000d5f80000)
  to   space 512K, 0% used [0x00000000d5e80000,0x00000000d5e80000,0x00000000d5f00000)
 ParOldGen       total 198144K, used 197967K [0x0000000080000000, 0x000000008c180000, 0x00000000d5580000)
  object space 198144K, 99% used [0x0000000080000000,0x000000008c153e20,0x000000008c180000)
 Metaspace       used 68909K, committed 70464K, reserved 1114112K
  class space    used 7259K, committed 7936K, reserved 1048576K
}
Event: 61.372 GC heap before
{Heap before GC invocations=172 (full 3):
 PSYoungGen      total 2048K, used 1728K [0x00000000d5580000, 0x00000000d5f80000, 0x0000000100000000)
  eden space 1536K, 100% used [0x00000000d5580000,0x00000000d5700000,0x00000000d5700000)
  from space 512K, 37% used [0x00000000d5f00000,0x00000000d5f30000,0x00000000d5f80000)
  to   space 512K, 0% used [0x00000000d5e80000,0x00000000d5e80000,0x00000000d5f00000)
 ParOldGen       total 198144K, used 197967K [0x0000000080000000, 0x000000008c180000, 0x00000000d5580000)
  object space 198144K, 99% used [0x0000000080000000,0x000000008c153e20,0x000000008c180000)
 Metaspace       used 69031K, committed 70592K, reserved 1114112K
  class space    used 7265K, committed 7936K, reserved 1048576K
}
Event: 61.374 GC heap after
{Heap after GC invocations=172 (full 3):
 PSYoungGen      total 2048K, used 244K [0x00000000d5580000, 0x00000000d5f80000, 0x0000000100000000)
  eden space 1536K, 0% used [0x00000000d5580000,0x00000000d5580000,0x00000000d5700000)
  from space 512K, 47% used [0x00000000d5e80000,0x00000000d5ebd200,0x00000000d5f00000)
  to   space 512K, 0% used [0x00000000d5f00000,0x00000000d5f00000,0x00000000d5f80000)
 ParOldGen       total 198144K, used 198023K [0x0000000080000000, 0x000000008c180000, 0x00000000d5580000)
  object space 198144K, 99% used [0x0000000080000000,0x000000008c161e20,0x000000008c180000)
 Metaspace       used 69031K, committed 70592K, reserved 1114112K
  class space    used 7265K, committed 7936K, reserved 1048576K
}
Event: 61.387 GC heap before
{Heap before GC invocations=173 (full 3):
 PSYoungGen      total 2048K, used 1780K [0x00000000d5580000, 0x00000000d5f80000, 0x0000000100000000)
  eden space 1536K, 100% used [0x00000000d5580000,0x00000000d5700000,0x00000000d5700000)
  from space 512K, 47% used [0x00000000d5e80000,0x00000000d5ebd200,0x00000000d5f00000)
  to   space 512K, 0% used [0x00000000d5f00000,0x00000000d5f00000,0x00000000d5f80000)
 ParOldGen       total 198144K, used 198023K [0x0000000080000000, 0x000000008c180000, 0x00000000d5580000)
  object space 198144K, 99% used [0x0000000080000000,0x000000008c161e20,0x000000008c180000)
 Metaspace       used 69038K, committed 70592K, reserved 1114112K
  class space    used 7265K, committed 7936K, reserved 1048576K
}
Event: 61.390 GC heap after
{Heap after GC invocations=173 (full 3):
 PSYoungGen      total 2048K, used 192K [0x00000000d5580000, 0x00000000d5f80000, 0x0000000100000000)
  eden space 1536K, 0% used [0x00000000d5580000,0x00000000d5580000,0x00000000d5700000)
  from space 512K, 37% used [0x00000000d5f00000,0x00000000d5f30000,0x00000000d5f80000)
  to   space 512K, 0% used [0x00000000d5e80000,0x00000000d5e80000,0x00000000d5f00000)
 ParOldGen       total 198144K, used 198063K [0x0000000080000000, 0x000000008c180000, 0x00000000d5580000)
  object space 198144K, 99% used [0x0000000080000000,0x000000008c16be20,0x000000008c180000)
 Metaspace       used 69038K, committed 70592K, reserved 1114112K
  class space    used 7265K, committed 7936K, reserved 1048576K
}
Event: 61.556 GC heap before
{Heap before GC invocations=174 (full 3):
 PSYoungGen      total 2048K, used 1728K [0x00000000d5580000, 0x00000000d5f80000, 0x0000000100000000)
  eden space 1536K, 100% used [0x00000000d5580000,0x00000000d5700000,0x00000000d5700000)
  from space 512K, 37% used [0x00000000d5f00000,0x00000000d5f30000,0x00000000d5f80000)
  to   space 512K, 0% used [0x00000000d5e80000,0x00000000d5e80000,0x00000000d5f00000)
 ParOldGen       total 198144K, used 198063K [0x0000000080000000, 0x000000008c180000, 0x00000000d5580000)
  object space 198144K, 99% used [0x0000000080000000,0x000000008c16be20,0x000000008c180000)
 Metaspace       used 69041K, committed 70592K, reserved 1114112K
  class space    used 7265K, committed 7936K, reserved 1048576K
}
Event: 61.558 GC heap after
{Heap after GC invocations=174 (full 3):
 PSYoungGen      total 2048K, used 160K [0x00000000d5580000, 0x00000000d5f80000, 0x0000000100000000)
  eden space 1536K, 0% used [0x00000000d5580000,0x00000000d5580000,0x00000000d5700000)
  from space 512K, 31% used [0x00000000d5e80000,0x00000000d5ea8000,0x00000000d5f00000)
  to   space 512K, 0% used [0x00000000d5f00000,0x00000000d5f00000,0x00000000d5f80000)
 ParOldGen       total 198144K, used 198071K [0x0000000080000000, 0x000000008c180000, 0x00000000d5580000)
  object space 198144K, 99% used [0x0000000080000000,0x000000008c16de20,0x000000008c180000)
 Metaspace       used 69041K, committed 70592K, reserved 1114112K
  class space    used 7265K, committed 7936K, reserved 1048576K
}
Event: 316.323 GC heap before
{Heap before GC invocations=175 (full 3):
 PSYoungGen      total 2048K, used 1696K [0x00000000d5580000, 0x00000000d5f80000, 0x0000000100000000)
  eden space 1536K, 100% used [0x00000000d5580000,0x00000000d5700000,0x00000000d5700000)
  from space 512K, 31% used [0x00000000d5e80000,0x00000000d5ea8000,0x00000000d5f00000)
  to   space 512K, 0% used [0x00000000d5f00000,0x00000000d5f00000,0x00000000d5f80000)
 ParOldGen       total 198144K, used 198071K [0x0000000080000000, 0x000000008c180000, 0x00000000d5580000)
  object space 198144K, 99% used [0x0000000080000000,0x000000008c16de20,0x000000008c180000)
 Metaspace       used 69234K, committed 70848K, reserved 1114112K
  class space    used 7286K, committed 8000K, reserved 1048576K
}
Event: 316.326 GC heap after
{Heap after GC invocations=175 (full 3):
 PSYoungGen      total 2048K, used 192K [0x00000000d5580000, 0x00000000d5f80000, 0x0000000100000000)
  eden space 1536K, 0% used [0x00000000d5580000,0x00000000d5580000,0x00000000d5700000)
  from space 512K, 37% used [0x00000000d5f00000,0x00000000d5f30000,0x00000000d5f80000)
  to   space 512K, 0% used [0x00000000d5e80000,0x00000000d5e80000,0x00000000d5f00000)
 ParOldGen       total 198144K, used 198095K [0x0000000080000000, 0x000000008c180000, 0x00000000d5580000)
  object space 198144K, 99% used [0x0000000080000000,0x000000008c173e20,0x000000008c180000)
 Metaspace       used 69234K, committed 70848K, reserved 1114112K
  class space    used 7286K, committed 8000K, reserved 1048576K
}
Event: 49733.338 GC heap before
{Heap before GC invocations=176 (full 3):
 PSYoungGen      total 2048K, used 1727K [0x00000000d5580000, 0x00000000d5f80000, 0x0000000100000000)
  eden space 1536K, 99% used [0x00000000d5580000,0x00000000d56ffff0,0x00000000d5700000)
  from space 512K, 37% used [0x00000000d5f00000,0x00000000d5f30000,0x00000000d5f80000)
  to   space 512K, 0% used [0x00000000d5e80000,0x00000000d5e80000,0x00000000d5f00000)
 ParOldGen       total 198144K, used 198095K [0x0000000080000000, 0x000000008c180000, 0x00000000d5580000)
  object space 198144K, 99% used [0x0000000080000000,0x000000008c173e20,0x000000008c180000)
 Metaspace       used 69384K, committed 70976K, reserved 1114112K
  class space    used 7294K, committed 8000K, reserved 1048576K
}
Event: 49733.340 GC heap after
{Heap after GC invocations=176 (full 3):
 PSYoungGen      total 2048K, used 192K [0x00000000d5580000, 0x00000000d5f80000, 0x0000000100000000)
  eden space 1536K, 0% used [0x00000000d5580000,0x00000000d5580000,0x00000000d5700000)
  from space 512K, 37% used [0x00000000d5e80000,0x00000000d5eb0000,0x00000000d5f00000)
  to   space 512K, 0% used [0x00000000d5f00000,0x00000000d5f00000,0x00000000d5f80000)
 ParOldGen       total 198656K, used 198167K [0x0000000080000000, 0x000000008c200000, 0x00000000d5580000)
  object space 198656K, 99% used [0x0000000080000000,0x000000008c185e20,0x000000008c200000)
 Metaspace       used 69384K, committed 70976K, reserved 1114112K
  class space    used 7294K, committed 8000K, reserved 1048576K
}
Event: 69111.188 GC heap before
{Heap before GC invocations=177 (full 3):
 PSYoungGen      total 2048K, used 1727K [0x00000000d5580000, 0x00000000d5f80000, 0x0000000100000000)
  eden space 1536K, 99% used [0x00000000d5580000,0x00000000d56fffe8,0x00000000d5700000)
  from space 512K, 37% used [0x00000000d5e80000,0x00000000d5eb0000,0x00000000d5f00000)
  to   space 512K, 0% used [0x00000000d5f00000,0x00000000d5f00000,0x00000000d5f80000)
 ParOldGen       total 198656K, used 198167K [0x0000000080000000, 0x000000008c200000, 0x00000000d5580000)
  object space 198656K, 99% used [0x0000000080000000,0x000000008c185e20,0x000000008c200000)
 Metaspace       used 69428K, committed 70976K, reserved 1114112K
  class space    used 7294K, committed 8000K, reserved 1048576K
}
Event: 69111.189 GC heap after
{Heap after GC invocations=177 (full 3):
 PSYoungGen      total 2048K, used 192K [0x00000000d5580000, 0x00000000d5f80000, 0x0000000100000000)
  eden space 1536K, 0% used [0x00000000d5580000,0x00000000d5580000,0x00000000d5700000)
  from space 512K, 37% used [0x00000000d5f00000,0x00000000d5f30000,0x00000000d5f80000)
  to   space 512K, 0% used [0x00000000d5e80000,0x00000000d5e80000,0x00000000d5f00000)
 ParOldGen       total 198656K, used 198239K [0x0000000080000000, 0x000000008c200000, 0x00000000d5580000)
  object space 198656K, 99% used [0x0000000080000000,0x000000008c197e20,0x000000008c200000)
 Metaspace       used 69428K, committed 70976K, reserved 1114112K
  class space    used 7294K, committed 8000K, reserved 1048576K
}
Event: 131636.346 GC heap before
{Heap before GC invocations=178 (full 3):
 PSYoungGen      total 2048K, used 1727K [0x00000000d5580000, 0x00000000d5f80000, 0x0000000100000000)
  eden space 1536K, 99% used [0x00000000d5580000,0x00000000d56ffff8,0x00000000d5700000)
  from space 512K, 37% used [0x00000000d5f00000,0x00000000d5f30000,0x00000000d5f80000)
  to   space 512K, 0% used [0x00000000d5e80000,0x00000000d5e80000,0x00000000d5f00000)
 ParOldGen       total 198656K, used 198239K [0x0000000080000000, 0x000000008c200000, 0x00000000d5580000)
  object space 198656K, 99% used [0x0000000080000000,0x000000008c197e20,0x000000008c200000)
 Metaspace       used 69445K, committed 71040K, reserved 1114112K
  class space    used 7294K, committed 8000K, reserved 1048576K
}
Event: 131636.475 GC heap after
{Heap after GC invocations=178 (full 3):
 PSYoungGen      total 2048K, used 256K [0x00000000d5580000, 0x00000000d5f80000, 0x0000000100000000)
  eden space 1536K, 0% used [0x00000000d5580000,0x00000000d5580000,0x00000000d5700000)
  from space 512K, 50% used [0x00000000d5e80000,0x00000000d5ec0000,0x00000000d5f00000)
  to   space 512K, 0% used [0x00000000d5f00000,0x00000000d5f00000,0x00000000d5f80000)
 ParOldGen       total 198656K, used 198279K [0x0000000080000000, 0x000000008c200000, 0x00000000d5580000)
  object space 198656K, 99% used [0x0000000080000000,0x000000008c1a1e20,0x000000008c200000)
 Metaspace       used 69445K, committed 71040K, reserved 1114112K
  class space    used 7294K, committed 8000K, reserved 1048576K
}

